<?xml version='1.0' encoding='UTF-8'?>
<testsuite hostname="GC" name="FuzzionTest" tests="7" errors="0" failures="0" skipped="0" time="0.031" timestamp="2024-09-28T21:35:06">
          <properties>
[...]
</properties>
          <testcase classname="FuzzionTest" name="should evaluate AND gate correctly with fuzzy logic inputs" time="0.016">
                      
                    </testcase><testcase classname="FuzzionTest" name="should evaluate OR gate correctly with fuzzy logic inputs" time="0.0">
                      
                    </testcase><testcase classname="FuzzionTest" name="should evaluate NOT gate correctly with fuzzy logic inputs" time="0.0">
                      
                    </testcase><testcase classname="FuzzionTest" name="should evaluate fuzzy logic gates correctly with boundary values 0.0 and 1.0" time="0.015">
                      
                    </testcase><testcase classname="FuzzionTest" name="should evaluate TestGate correctly" time="0.0">
                      
                    </testcase><testcase classname="FuzzionTest" name="should correctly bind variable and evaluate in scope" time="0.0">
                      
                    </testcase><testcase classname="FuzzionTest" name="should handle variable assignment and retrieval correctly" time="0.0">
                      
                    </testcase>
          <system-out><![CDATA[]]></system-out>
          <system-err><![CDATA[]]></system-err>
        </testsuite>